This is XeTeX, Version 3.14159265-2.6-0.999992 (TeX Live 2020) (preloaded format=xelatex 2020.5.21)  21 MAY 2020 15:15
entering extended mode
 restricted \write18 enabled.
 %&-line parsing enabled.
**bookdown-demo.tex
(./bookdown-demo.tex
LaTeX2e <2020-02-02> patch level 5
L3 programming layer <2020-05-15> (/Users/bhattvx/Library/TinyTeX/texmf-dist/te
x/latex/base/book.cls
Document Class: book 2019/12/20 v1.4l Standard LaTeX document class
(/Users/bhattvx/Library/TinyTeX/texmf-dist/tex/latex/base/bk10.clo
File: bk10.clo 2019/12/20 v1.4l Standard LaTeX file (size option)
)
\c@part=\count163
\c@chapter=\count164
\c@section=\count165
\c@subsection=\count166
\c@subsubsection=\count167
\c@paragraph=\count168
\c@subparagraph=\count169
\c@figure=\count170
\c@table=\count171
\abovecaptionskip=\skip47
\belowcaptionskip=\skip48
\bibindent=\dimen134
) (/Users/bhattvx/Library/TinyTeX/texmf-dist/tex/latex/lm/lmodern.sty
Package: lmodern 2009/10/30 v1.6 Latin Modern Fonts
LaTeX Font Info:    Overwriting symbol font `operators' in version `normal'
(Font)                  OT1/cmr/m/n --> OT1/lmr/m/n on input line 22.
LaTeX Font Info:    Overwriting symbol font `letters' in version `normal'
(Font)                  OML/cmm/m/it --> OML/lmm/m/it on input line 23.
LaTeX Font Info:    Overwriting symbol font `symbols' in version `normal'
(Font)                  OMS/cmsy/m/n --> OMS/lmsy/m/n on input line 24.
LaTeX Font Info:    Overwriting symbol font `largesymbols' in version `normal'
(Font)                  OMX/cmex/m/n --> OMX/lmex/m/n on input line 25.
LaTeX Font Info:    Overwriting symbol font `operators' in version `bold'
(Font)                  OT1/cmr/bx/n --> OT1/lmr/bx/n on input line 26.
LaTeX Font Info:    Overwriting symbol font `letters' in version `bold'
(Font)                  OML/cmm/b/it --> OML/lmm/b/it on input line 27.
LaTeX Font Info:    Overwriting symbol font `symbols' in version `bold'
(Font)                  OMS/cmsy/b/n --> OMS/lmsy/b/n on input line 28.
LaTeX Font Info:    Overwriting symbol font `largesymbols' in version `bold'
(Font)                  OMX/cmex/m/n --> OMX/lmex/m/n on input line 29.
LaTeX Font Info:    Overwriting math alphabet `\mathbf' in version `normal'
(Font)                  OT1/cmr/bx/n --> OT1/lmr/bx/n on input line 31.
LaTeX Font Info:    Overwriting math alphabet `\mathsf' in version `normal'
(Font)                  OT1/cmss/m/n --> OT1/lmss/m/n on input line 32.
LaTeX Font Info:    Overwriting math alphabet `\mathit' in version `normal'
(Font)                  OT1/cmr/m/it --> OT1/lmr/m/it on input line 33.
LaTeX Font Info:    Overwriting math alphabet `\mathtt' in version `normal'
(Font)                  OT1/cmtt/m/n --> OT1/lmtt/m/n on input line 34.
LaTeX Font Info:    Overwriting math alphabet `\mathbf' in version `bold'
(Font)                  OT1/cmr/bx/n --> OT1/lmr/bx/n on input line 35.
LaTeX Font Info:    Overwriting math alphabet `\mathsf' in version `bold'
(Font)                  OT1/cmss/bx/n --> OT1/lmss/bx/n on input line 36.
LaTeX Font Info:    Overwriting math alphabet `\mathit' in version `bold'
(Font)                  OT1/cmr/bx/it --> OT1/lmr/bx/it on input line 37.
LaTeX Font Info:    Overwriting math alphabet `\mathtt' in version `bold'
(Font)                  OT1/cmtt/m/n --> OT1/lmtt/m/n on input line 38.
) (/Users/bhattvx/Library/TinyTeX/texmf-dist/tex/latex/amsfonts/amssymb.sty
Package: amssymb 2013/01/14 v3.01 AMS font symbols
(/Users/bhattvx/Library/TinyTeX/texmf-dist/tex/latex/amsfonts/amsfonts.sty
Package: amsfonts 2013/01/14 v3.01 Basic AMSFonts support
\@emptytoks=\toks15
\symAMSa=\mathgroup4
\symAMSb=\mathgroup5
LaTeX Font Info:    Redeclaring math symbol \hbar on input line 98.
LaTeX Font Info:    Overwriting math alphabet `\mathfrak' in version `bold'
(Font)                  U/euf/m/n --> U/euf/b/n on input line 106.
)) (/Users/bhattvx/Library/TinyTeX/texmf-dist/tex/latex/amsmath/amsmath.sty
Package: amsmath 2020/01/20 v2.17e AMS math features
\@mathmargin=\skip49
For additional information on amsmath, use the `?' option.
(/Users/bhattvx/Library/TinyTeX/texmf-dist/tex/latex/amsmath/amstext.sty
Package: amstext 2000/06/29 v2.01 AMS text
(/Users/bhattvx/Library/TinyTeX/texmf-dist/tex/latex/amsmath/amsgen.sty
File: amsgen.sty 1999/11/30 v2.0 generic functions
\@emptytoks=\toks16
\ex@=\dimen135
)) (/Users/bhattvx/Library/TinyTeX/texmf-dist/tex/latex/amsmath/amsbsy.sty
Package: amsbsy 1999/11/29 v1.2d Bold Symbols
\pmbraise@=\dimen136
) (/Users/bhattvx/Library/TinyTeX/texmf-dist/tex/latex/amsmath/amsopn.sty
Package: amsopn 2016/03/08 v2.02 operator names
)
\inf@bad=\count172
LaTeX Info: Redefining \frac on input line 227.
\uproot@=\count173
\leftroot@=\count174
LaTeX Info: Redefining \overline on input line 389.
\classnum@=\count175
\DOTSCASE@=\count176
LaTeX Info: Redefining \ldots on input line 486.
LaTeX Info: Redefining \dots on input line 489.
LaTeX Info: Redefining \cdots on input line 610.
\Mathstrutbox@=\box45
\strutbox@=\box46
\big@size=\dimen137
LaTeX Font Info:    Redeclaring font encoding OML on input line 733.
LaTeX Font Info:    Redeclaring font encoding OMS on input line 734.
\macc@depth=\count177
\c@MaxMatrixCols=\count178
\dotsspace@=\muskip16
\c@parentequation=\count179
\dspbrk@lvl=\count180
\tag@help=\toks17
\row@=\count181
\column@=\count182
\maxfields@=\count183
\andhelp@=\toks18
\eqnshift@=\dimen138
\alignsep@=\dimen139
\tagshift@=\dimen140
\tagwidth@=\dimen141
\totwidth@=\dimen142
\lineht@=\dimen143
\@envbody=\toks19
\multlinegap=\skip50
\multlinetaggap=\skip51
\mathdisplay@stack=\toks20
LaTeX Info: Redefining \[ on input line 2859.
LaTeX Info: Redefining \] on input line 2860.
) (/Users/bhattvx/Library/TinyTeX/texmf-dist/tex/generic/iftex/ifxetex.sty
Package: ifxetex 2019/10/25 v0.7 ifxetex legacy package. Use iftex instead.
(/Users/bhattvx/Library/TinyTeX/texmf-dist/tex/generic/iftex/iftex.sty
Package: iftex 2020/03/06 v1.0d TeX engine tests
)) (/Users/bhattvx/Library/TinyTeX/texmf-dist/tex/generic/iftex/ifluatex.sty
Package: ifluatex 2019/10/25 v1.5 ifluatex legacy package. Use iftex instead.
) (/Users/bhattvx/Library/TinyTeX/texmf-dist/tex/latex/base/fixltx2e.sty
Package: fixltx2e 2016/12/29 v2.1a fixes to LaTeX (obsolete)
Applying: [2015/01/01] Old fixltx2e package on input line 46.

Package fixltx2e Warning: fixltx2e is not required with releases after 2015
(fixltx2e)                All fixes are now in the LaTeX kernel.
(fixltx2e)                See the latexrelease package for details.

Already applied: [0000/00/00] Old fixltx2e package on input line 53.
)
(/Users/bhattvx/Library/TinyTeX/texmf-dist/tex/latex/unicode-math/unicode-math.
sty (/Users/bhattvx/Library/TinyTeX/texmf-dist/tex/latex/l3kernel/expl3.sty
Package: expl3 2020-05-15 L3 programming layer (loader) 

(/Users/bhattvx/Library/TinyTeX/texmf-dist/tex/latex/l3backend/l3backend-xdvipd
fmx.def
File: l3backend-xdvipdfmx.def 2020-05-05 L3 backend support: xdvipdfmx
\g__graphics_track_int=\count184
\l__pdf_internal_box=\box47
\g__pdf_backend_object_int=\count185
\g__pdf_backend_annotation_int=\count186
))
Package: unicode-math 2020/01/31 v0.8q Unicode maths in XeLaTeX and LuaLaTeX

(/Users/bhattvx/Library/TinyTeX/texmf-dist/tex/latex/unicode-math/unicode-math-
xetex.sty
Package: unicode-math-xetex 2020/01/31 v0.8q Unicode maths in XeLaTeX and LuaLa
TeX

(/Users/bhattvx/Library/TinyTeX/texmf-dist/tex/latex/l3packages/xparse/xparse.s
ty
Package: xparse 2020-05-15 L3 Experimental document command parser

(/Users/bhattvx/Library/TinyTeX/texmf-dist/tex/latex/l3packages/xparse/xparse-g
eneric.tex
\l__xparse_current_arg_int=\count187
\g__xparse_grabber_int=\count188
\l__xparse_m_args_int=\count189
\l__xparse_v_nesting_int=\count190
))
(/Users/bhattvx/Library/TinyTeX/texmf-dist/tex/latex/l3packages/l3keys2e/l3keys
2e.sty
Package: l3keys2e 2020-05-15 LaTeX2e option processing using LaTeX3 keys
) (/Users/bhattvx/Library/TinyTeX/texmf-dist/tex/latex/fontspec/fontspec.sty
Package: fontspec 2020/02/21 v2.7i Font selection for XeLaTeX and LuaLaTeX

(/Users/bhattvx/Library/TinyTeX/texmf-dist/tex/latex/fontspec/fontspec-xetex.st
y
Package: fontspec-xetex 2020/02/21 v2.7i Font selection for XeLaTeX and LuaLaTe
X
\l__fontspec_script_int=\count191
\l__fontspec_language_int=\count192
\l__fontspec_strnum_int=\count193
\l__fontspec_tmp_int=\count194
\l__fontspec_tmpa_int=\count195
\l__fontspec_tmpb_int=\count196
\l__fontspec_tmpc_int=\count197
\l__fontspec_em_int=\count198
\l__fontspec_emdef_int=\count199
\l__fontspec_strong_int=\count266
\l__fontspec_strongdef_int=\count267
\l__fontspec_tmpa_dim=\dimen144
\l__fontspec_tmpb_dim=\dimen145
\l__fontspec_tmpc_dim=\dimen146
(/Users/bhattvx/Library/TinyTeX/texmf-dist/tex/latex/base/fontenc.sty
Package: fontenc 2020/02/11 v2.0o Standard LaTeX package
) (/Users/bhattvx/Library/TinyTeX/texmf-dist/tex/latex/fontspec/fontspec.cfg)))
(/Users/bhattvx/Library/TinyTeX/texmf-dist/tex/latex/base/fix-cm.sty
Package: fix-cm 2015/01/14 v1.1t fixes to LaTeX
(/Users/bhattvx/Library/TinyTeX/texmf-dist/tex/latex/base/ts1enc.def
File: ts1enc.def 2001/06/05 v3.0e (jk/car/fm) Standard LaTeX file
LaTeX Font Info:    Redeclaring font encoding TS1 on input line 47.
))
\g__um_fam_int=\count268
\g__um_fonts_used_int=\count269
\l__um_primecount_int=\count270
\g__um_primekern_muskip=\muskip17

(/Users/bhattvx/Library/TinyTeX/texmf-dist/tex/latex/unicode-math/unicode-math-
table.tex))) (/Users/bhattvx/Library/TinyTeX/texmf-dist/tex/latex/hyperref/hype
rref.sty
Package: hyperref 2020-05-15 v7.00e Hypertext links for LaTeX
(/Users/bhattvx/Library/TinyTeX/texmf-dist/tex/generic/ltxcmds/ltxcmds.sty
Package: ltxcmds 2019/12/15 v1.24 LaTeX kernel commands for general use (HO)
) (/Users/bhattvx/Library/TinyTeX/texmf-dist/tex/latex/pdftexcmds/pdftexcmds.st
y
Package: pdftexcmds 2019/11/24 v0.31 Utility functions of pdfTeX for LuaTeX (HO
)
(/Users/bhattvx/Library/TinyTeX/texmf-dist/tex/generic/infwarerr/infwarerr.sty
Package: infwarerr 2019/12/03 v1.5 Providing info/warning/error messages (HO)
)
Package pdftexcmds Info: \pdf@primitive is available.
Package pdftexcmds Info: \pdf@ifprimitive is available.
Package pdftexcmds Info: \pdfdraftmode not found.
) (/Users/bhattvx/Library/TinyTeX/texmf-dist/tex/latex/graphics/keyval.sty
Package: keyval 2014/10/28 v1.15 key=value parser (DPC)
\KV@toks@=\toks21
) (/Users/bhattvx/Library/TinyTeX/texmf-dist/tex/generic/kvsetkeys/kvsetkeys.st
y
Package: kvsetkeys 2019/12/15 v1.18 Key value parser (HO)
)
(/Users/bhattvx/Library/TinyTeX/texmf-dist/tex/generic/kvdefinekeys/kvdefinekey
s.sty
Package: kvdefinekeys 2019-12-19 v1.6 Define keys (HO)
) (/Users/bhattvx/Library/TinyTeX/texmf-dist/tex/generic/pdfescape/pdfescape.st
y
Package: pdfescape 2019/12/09 v1.15 Implements pdfTeX's escape features (HO)
) (/Users/bhattvx/Library/TinyTeX/texmf-dist/tex/latex/hycolor/hycolor.sty
Package: hycolor 2020-01-27 v1.10 Color options for hyperref/bookmark (HO)
)
(/Users/bhattvx/Library/TinyTeX/texmf-dist/tex/latex/letltxmacro/letltxmacro.st
y
Package: letltxmacro 2019/12/03 v1.6 Let assignment for LaTeX macros (HO)
) (/Users/bhattvx/Library/TinyTeX/texmf-dist/tex/latex/auxhook/auxhook.sty
Package: auxhook 2019-12-17 v1.6 Hooks for auxiliary files (HO)
) (/Users/bhattvx/Library/TinyTeX/texmf-dist/tex/latex/kvoptions/kvoptions.sty
Package: kvoptions 2019/11/29 v3.13 Key value format for package options (HO)
)
\@linkdim=\dimen147
\Hy@linkcounter=\count271
\Hy@pagecounter=\count272
(/Users/bhattvx/Library/TinyTeX/texmf-dist/tex/latex/hyperref/pd1enc.def
File: pd1enc.def 2020-05-15 v7.00e Hyperref: PDFDocEncoding definition (HO)
) (/Users/bhattvx/Library/TinyTeX/texmf-dist/tex/generic/intcalc/intcalc.sty
Package: intcalc 2019/12/15 v1.3 Expandable calculations with integers (HO)
) (/Users/bhattvx/Library/TinyTeX/texmf-dist/tex/generic/etexcmds/etexcmds.sty
Package: etexcmds 2019/12/15 v1.7 Avoid name clashes with e-TeX commands (HO)
)
\Hy@SavedSpaceFactor=\count273
Package hyperref Info: Option `unicode' set `true' on input line 4338.
(/Users/bhattvx/Library/TinyTeX/texmf-dist/tex/latex/hyperref/puenc.def
File: puenc.def 2020-05-15 v7.00e Hyperref: PDF Unicode definition (HO)
)
Package hyperref Info: Hyper figures OFF on input line 4464.
Package hyperref Info: Link nesting OFF on input line 4469.
Package hyperref Info: Hyper index ON on input line 4472.
Package hyperref Info: Plain pages OFF on input line 4479.
Package hyperref Info: Backreferencing OFF on input line 4484.
Package hyperref Info: Implicit mode ON; LaTeX internals redefined.
Package hyperref Info: Bookmarks ON on input line 4717.
\c@Hy@tempcnt=\count274
(/Users/bhattvx/Library/TinyTeX/texmf-dist/tex/latex/url/url.sty
\Urlmuskip=\muskip18
Package: url 2013/09/16  ver 3.4  Verb mode for urls, etc.
)
LaTeX Info: Redefining \url on input line 5076.
\XeTeXLinkMargin=\dimen148
(/Users/bhattvx/Library/TinyTeX/texmf-dist/tex/generic/bitset/bitset.sty
Package: bitset 2019/12/09 v1.3 Handle bit-vector datatype (HO)

(/Users/bhattvx/Library/TinyTeX/texmf-dist/tex/generic/bigintcalc/bigintcalc.st
y
Package: bigintcalc 2019/12/15 v1.5 Expandable calculations on big integers (HO
)
))
\Fld@menulength=\count275
\Field@Width=\dimen149
\Fld@charsize=\dimen150
Package hyperref Info: Hyper figures OFF on input line 6347.
Package hyperref Info: Link nesting OFF on input line 6352.
Package hyperref Info: Hyper index ON on input line 6355.
Package hyperref Info: backreferencing OFF on input line 6362.
Package hyperref Info: Link coloring OFF on input line 6367.
Package hyperref Info: Link coloring with OCG OFF on input line 6372.
Package hyperref Info: PDF/A mode OFF on input line 6377.
LaTeX Info: Redefining \ref on input line 6417.
LaTeX Info: Redefining \pageref on input line 6421.
(/Users/bhattvx/Library/TinyTeX/texmf-dist/tex/generic/atbegshi/atbegshi.sty
Package: atbegshi 2019/12/05 v1.19 At begin shipout hook (HO)
)
\Hy@abspage=\count276
\c@Item=\count277
\c@Hfootnote=\count278
)
Package hyperref Info: Driver (autodetected): hxetex.
(/Users/bhattvx/Library/TinyTeX/texmf-dist/tex/latex/hyperref/hxetex.def
File: hxetex.def 2020-05-15 v7.00e Hyperref driver for XeTeX
(/Users/bhattvx/Library/TinyTeX/texmf-dist/tex/generic/stringenc/stringenc.sty
Package: stringenc 2019/11/29 v1.12 Convert strings between diff. encodings (HO
)
)
\pdfm@box=\box48
\c@Hy@AnnotLevel=\count279
\HyField@AnnotCount=\count280
\Fld@listcount=\count281
\c@bookmark@seq@number=\count282

(/Users/bhattvx/Library/TinyTeX/texmf-dist/tex/latex/rerunfilecheck/rerunfilech
eck.sty
Package: rerunfilecheck 2019/12/05 v1.9 Rerun checks for auxiliary files (HO)
(/Users/bhattvx/Library/TinyTeX/texmf-dist/tex/latex/atveryend/atveryend.sty
Package: atveryend 2019-12-11 v1.11 Hooks at the very end of document (HO)
Package atveryend Info: \enddocument detected (standard20110627).
)
(/Users/bhattvx/Library/TinyTeX/texmf-dist/tex/generic/uniquecounter/uniquecoun
ter.sty
Package: uniquecounter 2019/12/15 v1.4 Provide unlimited unique counter (HO)
)
Package uniquecounter Info: New unique counter `rerunfilecheck' on input line 2
86.
)
\Hy@SectionHShift=\skip52
)
Package hyperref Info: Option `breaklinks' set `true' on input line 35.
(/Users/bhattvx/Library/TinyTeX/texmf-dist/tex/latex/graphics/color.sty
Package: color 2019/11/23 v1.2a Standard LaTeX Color (DPC)
(/Users/bhattvx/Library/TinyTeX/texmf-dist/tex/latex/graphics-cfg/color.cfg
File: color.cfg 2016/01/02 v1.6 sample color configuration
)
Package color Info: Driver file: xetex.def on input line 147.
(/Users/bhattvx/Library/TinyTeX/texmf-dist/tex/latex/graphics-def/xetex.def
File: xetex.def 2017/06/24 v5.0h Graphics/color driver for xetex
)) (/Users/bhattvx/Library/TinyTeX/texmf-dist/tex/latex/fancyvrb/fancyvrb.sty
Package: fancyvrb 2020/05/03 v3.6 verbatim text (tvz,hv)
\FV@CodeLineNo=\count283
\FV@InFile=\read2
\FV@TabBox=\box49
\c@FancyVerbLine=\count284
\FV@StepNumber=\count285
\FV@OutFile=\write3
) (/Users/bhattvx/Library/TinyTeX/texmf-dist/tex/latex/framed/framed.sty
Package: framed 2011/10/22 v 0.96: framed or shaded text with page breaks
\OuterFrameSep=\skip53
\fb@frw=\dimen151
\fb@frh=\dimen152
\FrameRule=\dimen153
\FrameSep=\dimen154
) (/Users/bhattvx/Library/TinyTeX/texmf-dist/tex/latex/tools/longtable.sty
Package: longtable 2020/01/07 v4.13 Multi-page Table package (DPC)
\LTleft=\skip54
\LTright=\skip55
\LTpre=\skip56
\LTpost=\skip57
\LTchunksize=\count286
\LTcapwidth=\dimen155
\LT@head=\box50
\LT@firsthead=\box51
\LT@foot=\box52
\LT@lastfoot=\box53
\LT@cols=\count287
\LT@rows=\count288
\c@LT@tables=\count289
\c@LT@chunks=\count290
\LT@p@ftn=\toks22
) (/Users/bhattvx/Library/TinyTeX/texmf-dist/tex/latex/booktabs/booktabs.sty
Package: booktabs 2020/01/12 v1.61803398 Publication quality tables
\heavyrulewidth=\dimen156
\lightrulewidth=\dimen157
\cmidrulewidth=\dimen158
\belowrulesep=\dimen159
\belowbottomsep=\dimen160
\aboverulesep=\dimen161
\abovetopsep=\dimen162
\cmidrulesep=\dimen163
\cmidrulekern=\dimen164
\defaultaddspace=\dimen165
\@cmidla=\count291
\@cmidlb=\count292
\@aboverulesep=\dimen166
\@belowrulesep=\dimen167
\@thisruleclass=\count293
\@lastruleclass=\count294
\@thisrulewidth=\dimen168
) (/Users/bhattvx/Library/TinyTeX/texmf-dist/tex/latex/mdwtools/footnote.sty
Package: footnote 1997/01/28 1.13 Save footnotes around boxes
\fn@notes=\box54
\fn@width=\dimen169
) (/Users/bhattvx/Library/TinyTeX/texmf-dist/tex/latex/graphics/graphicx.sty
Package: graphicx 2019/11/30 v1.2a Enhanced LaTeX Graphics (DPC,SPQR)
(/Users/bhattvx/Library/TinyTeX/texmf-dist/tex/latex/graphics/graphics.sty
Package: graphics 2019/11/30 v1.4a Standard LaTeX Graphics (DPC,SPQR)
(/Users/bhattvx/Library/TinyTeX/texmf-dist/tex/latex/graphics/trig.sty
Package: trig 2016/01/03 v1.10 sin cos tan (DPC)
) (/Users/bhattvx/Library/TinyTeX/texmf-dist/tex/latex/graphics-cfg/graphics.cf
g
File: graphics.cfg 2016/06/04 v1.11 sample graphics configuration
)
Package graphics Info: Driver file: xetex.def on input line 105.
)
\Gin@req@height=\dimen170
\Gin@req@width=\dimen171
) (/Users/bhattvx/Library/TinyTeX/texmf-dist/tex/latex/grffile/grffile.sty
Package: grffile 2019/11/11 v2.1 Extended file name support for graphics (legac
y)
Package grffile Info: This package is an empty stub for compatibility on input 
line 40.
) (/Users/bhattvx/Library/TinyTeX/texmf-dist/tex/latex/amscls/amsthm.sty
Package: amsthm 2017/10/31 v2.20.4
\thm@style=\toks23
\thm@bodyfont=\toks24
\thm@headfont=\toks25
\thm@notefont=\toks26
\thm@headpunct=\toks27
\thm@preskip=\skip58
\thm@postskip=\skip59
\thm@headsep=\skip60
\dth@everypar=\toks28
) (/Users/bhattvx/Library/TinyTeX/texmf-dist/tex/latex/natbib/natbib.sty
Package: natbib 2010/09/13 8.31b (PWD, AO)
\bibhang=\skip61
\bibsep=\skip62
LaTeX Info: Redefining \cite on input line 694.
\c@NAT@ctr=\count295
)
\c@theorem=\count296
\c@lemma=\count297
\c@corollary=\count298
\c@proposition=\count299
\c@conjecture=\count300
\c@definition=\count301
\c@example=\count302
\c@exercise=\count303
(./bookdown-demo.aux

LaTeX Warning: Label `tab:unnamed-chunk-14' multiply defined.


LaTeX Warning: Label `tab:unnamed-chunk-14' multiply defined.


LaTeX Warning: Label `tab:unnamed-chunk-14' multiply defined.

)
\openout1 = `bookdown-demo.aux'.

LaTeX Font Info:    Checking defaults for OML/cmm/m/it on input line 140.
LaTeX Font Info:    ... okay on input line 140.
LaTeX Font Info:    Checking defaults for OMS/cmsy/m/n on input line 140.
LaTeX Font Info:    ... okay on input line 140.
LaTeX Font Info:    Checking defaults for OT1/cmr/m/n on input line 140.
LaTeX Font Info:    ... okay on input line 140.
LaTeX Font Info:    Checking defaults for T1/cmr/m/n on input line 140.
LaTeX Font Info:    ... okay on input line 140.
LaTeX Font Info:    Checking defaults for TS1/cmr/m/n on input line 140.
LaTeX Font Info:    ... okay on input line 140.
LaTeX Font Info:    Checking defaults for TU/lmr/m/n on input line 140.
LaTeX Font Info:    ... okay on input line 140.
LaTeX Font Info:    Checking defaults for OMX/cmex/m/n on input line 140.
LaTeX Font Info:    ... okay on input line 140.
LaTeX Font Info:    Checking defaults for U/cmr/m/n on input line 140.
LaTeX Font Info:    ... okay on input line 140.
LaTeX Font Info:    Checking defaults for PD1/pdf/m/n on input line 140.
LaTeX Font Info:    ... okay on input line 140.
LaTeX Font Info:    Checking defaults for PU/pdf/m/n on input line 140.
LaTeX Font Info:    ... okay on input line 140.
LaTeX Font Info:    Overwriting math alphabet `\mathrm' in version `normal'
(Font)                  OT1/lmr/m/n --> TU/lmr/m/n on input line 140.
LaTeX Font Info:    Overwriting math alphabet `\mathit' in version `normal'
(Font)                  OT1/lmr/m/it --> TU/lmr/m/it on input line 140.
LaTeX Font Info:    Overwriting math alphabet `\mathbf' in version `normal'
(Font)                  OT1/lmr/bx/n --> TU/lmr/bx/n on input line 140.
LaTeX Font Info:    Overwriting math alphabet `\mathsf' in version `normal'
(Font)                  OT1/lmss/m/n --> TU/lmss/m/n on input line 140.
LaTeX Font Info:    Overwriting math alphabet `\mathsf' in version `bold'
(Font)                  OT1/lmss/bx/n --> TU/lmss/bx/n on input line 140.
LaTeX Font Info:    Overwriting math alphabet `\mathtt' in version `normal'
(Font)                  OT1/lmtt/m/n --> TU/lmtt/m/n on input line 140.
LaTeX Font Info:    Overwriting math alphabet `\mathtt' in version `bold'
(Font)                  OT1/lmtt/m/n --> TU/lmtt/bx/n on input line 140.

Package fontspec Info: latinmodern-math scale = 0.9999964596882403.


Package fontspec Info: latinmodern-math scale = 0.9999964596882403.


Package fontspec Info: latinmodern-math scale = 0.9999964596882403.


Package fontspec Info: Font family 'latinmodern-math.otf(0)' created for font
(fontspec)             'latinmodern-math.otf' with options
(fontspec)             [Ligatures=TeX,Scale=MatchLowercase,BoldItalicFont={},It
alicFont={},SmallCapsFont={},Script=Math,BoldFont={latinmodern-math.otf}].
(fontspec)              
(fontspec)              This font family consists of the following NFSS
(fontspec)             series/shapes:
(fontspec)              
(fontspec)             - 'normal' (m/n) with NFSS spec.:
(fontspec)             <->s*[0.9999964596882403]"[latinmodern-math.otf]/OT:scri
pt=math;language=dflt;mapping=tex-text;"
(fontspec)             - 'small caps'  (m/sc) with NFSS spec.: 
(fontspec)             - 'bold' (b/n) with NFSS spec.:
(fontspec)             <->s*[0.9999964596882403]"[latinmodern-math.otf]/OT:scri
pt=math;language=dflt;mapping=tex-text;"
(fontspec)             - 'bold small caps'  (b/sc) with NFSS spec.: 

LaTeX Font Info:    Font shape `TU/latinmodern-math.otf(0)/m/n' will be
(Font)              scaled to size 10.0pt on input line 140.

Package fontspec Info: latinmodern-math scale = 0.9999964596882403.


Package fontspec Info: latinmodern-math scale = 0.9999964596882403.


Package fontspec Info: latinmodern-math scale = 0.9999964596882403.


Package fontspec Info: latinmodern-math scale = 0.9999964596882403.


Package fontspec Info: latinmodern-math scale = 0.9999964596882403.


Package fontspec Info: Font family 'latinmodern-math.otf(1)' created for font
(fontspec)             'latinmodern-math.otf' with options
(fontspec)             [Ligatures=TeX,Scale=MatchLowercase,BoldItalicFont={},It
alicFont={},SmallCapsFont={},Script=Math,SizeFeatures={{Size=8.5-},{Size=6-8.5,
Font=latinmodern-math.otf,Style=MathScript},{Size=-6,Font=latinmodern-math.otf,
Style=MathScriptScript}},BoldFont={latinmodern-math.otf}].
(fontspec)              
(fontspec)              This font family consists of the following NFSS
(fontspec)             series/shapes:
(fontspec)              
(fontspec)             - 'normal' (m/n) with NFSS spec.:
(fontspec)             <8.5->s*[0.9999964596882403]"[latinmodern-math.otf]/OT:s
cript=math;language=dflt;mapping=tex-text;"<6-8.5>s*[0.9999964596882403]"[latin
modern-math.otf]/OT:script=math;language=dflt;+ssty=0;mapping=tex-text;"<-6>s*[
0.9999964596882403]"[latinmodern-math.otf]/OT:script=math;language=dflt;+ssty=1
;mapping=tex-text;"
(fontspec)             - 'small caps'  (m/sc) with NFSS spec.: 
(fontspec)             - 'bold' (b/n) with NFSS spec.:
(fontspec)             <->s*[0.9999964596882403]"[latinmodern-math.otf]/OT:scri
pt=math;language=dflt;mapping=tex-text;"
(fontspec)             - 'bold small caps'  (b/sc) with NFSS spec.: 

LaTeX Font Info:    Font shape `TU/latinmodern-math.otf(1)/m/n' will be
(Font)              scaled to size 10.0pt on input line 140.
LaTeX Font Info:    Encoding `OT1' has changed to `TU' for symbol font
(Font)              `operators' in the math version `normal' on input line 140.

LaTeX Font Info:    Overwriting symbol font `operators' in version `normal'
(Font)                  OT1/lmr/m/n --> TU/latinmodern-math.otf(1)/m/n on input
 line 140.
LaTeX Font Info:    Encoding `OT1' has changed to `TU' for symbol font
(Font)              `operators' in the math version `bold' on input line 140.
LaTeX Font Info:    Overwriting symbol font `operators' in version `bold'
(Font)                  OT1/lmr/bx/n --> TU/latinmodern-math.otf(1)/b/n on inpu
t line 140.

Package fontspec Info: latinmodern-math scale = 0.9999964596882403.


Package fontspec Info: latinmodern-math scale = 1.000096459334209.


Package fontspec Info: latinmodern-math scale = 0.9999964596882403.


Package fontspec Info: latinmodern-math scale = 1.000096459334209.


Package fontspec Info: latinmodern-math scale = 0.9999964596882403.


Package fontspec Info: latinmodern-math scale = 1.000096459334209.


Package fontspec Info: latinmodern-math scale = 0.9999964596882403.


Package fontspec Info: latinmodern-math scale = 1.000096459334209.


Package fontspec Info: latinmodern-math scale = 0.9999964596882403.


Package fontspec Info: latinmodern-math scale = 1.000096459334209.


Package fontspec Info: Font family 'latinmodern-math.otf(2)' created for font
(fontspec)             'latinmodern-math.otf' with options
(fontspec)             [Ligatures=TeX,Scale=MatchLowercase,BoldItalicFont={},It
alicFont={},SmallCapsFont={},Script=Math,SizeFeatures={{Size=8.5-},{Size=6-8.5,
Font=latinmodern-math.otf,Style=MathScript},{Size=-6,Font=latinmodern-math.otf,
Style=MathScriptScript}},BoldFont={latinmodern-math.otf},ScaleAgain=1.0001,Font
Adjustment={\fontdimen
(fontspec)             8\font =6.77pt\relax \fontdimen 9\font =3.94pt\relax
(fontspec)             \fontdimen 10\font =4.44pt\relax \fontdimen 11\font
(fontspec)             =6.86pt\relax \fontdimen 12\font =3.45pt\relax
(fontspec)             \fontdimen 13\font =3.63pt\relax \fontdimen 14\font
(fontspec)             =3.63pt\relax \fontdimen 15\font =2.89pt\relax
(fontspec)             \fontdimen 16\font =2.47pt\relax \fontdimen 17\font
(fontspec)             =2.47pt\relax \fontdimen 18\font =2.5pt\relax
(fontspec)             \fontdimen 19\font =2.0pt\relax \fontdimen 22\font
(fontspec)             =2.5pt\relax \fontdimen 20\font =0pt\relax \fontdimen
(fontspec)             21\font =0pt\relax }].
(fontspec)              
(fontspec)              This font family consists of the following NFSS
(fontspec)             series/shapes:
(fontspec)              
(fontspec)             - 'normal' (m/n) with NFSS spec.:
(fontspec)             <8.5->s*[1.000096459334209]"[latinmodern-math.otf]/OT:sc
ript=math;language=dflt;mapping=tex-text;"<6-8.5>s*[1.000096459334209]"[latinmo
dern-math.otf]/OT:script=math;language=dflt;+ssty=0;mapping=tex-text;"<-6>s*[1.
000096459334209]"[latinmodern-math.otf]/OT:script=math;language=dflt;+ssty=1;ma
pping=tex-text;"
(fontspec)             - 'small caps'  (m/sc) with NFSS spec.: 
(fontspec)             and font adjustment code:
(fontspec)             \fontdimen 8\font =6.77pt\relax \fontdimen 9\font
(fontspec)             =3.94pt\relax \fontdimen 10\font =4.44pt\relax
(fontspec)             \fontdimen 11\font =6.86pt\relax \fontdimen 12\font
(fontspec)             =3.45pt\relax \fontdimen 13\font =3.63pt\relax
(fontspec)             \fontdimen 14\font =3.63pt\relax \fontdimen 15\font
(fontspec)             =2.89pt\relax \fontdimen 16\font =2.47pt\relax
(fontspec)             \fontdimen 17\font =2.47pt\relax \fontdimen 18\font
(fontspec)             =2.5pt\relax \fontdimen 19\font =2.0pt\relax \fontdimen
(fontspec)             22\font =2.5pt\relax \fontdimen 20\font =0pt\relax
(fontspec)             \fontdimen 21\font =0pt\relax 
(fontspec)             - 'bold' (b/n) with NFSS spec.:
(fontspec)             <->s*[1.000096459334209]"[latinmodern-math.otf]/OT:scrip
t=math;language=dflt;mapping=tex-text;"
(fontspec)             - 'bold small caps'  (b/sc) with NFSS spec.: 
(fontspec)             and font adjustment code:
(fontspec)             \fontdimen 8\font =6.77pt\relax \fontdimen 9\font
(fontspec)             =3.94pt\relax \fontdimen 10\font =4.44pt\relax
(fontspec)             \fontdimen 11\font =6.86pt\relax \fontdimen 12\font
(fontspec)             =3.45pt\relax \fontdimen 13\font =3.63pt\relax
(fontspec)             \fontdimen 14\font =3.63pt\relax \fontdimen 15\font
(fontspec)             =2.89pt\relax \fontdimen 16\font =2.47pt\relax
(fontspec)             \fontdimen 17\font =2.47pt\relax \fontdimen 18\font
(fontspec)             =2.5pt\relax \fontdimen 19\font =2.0pt\relax \fontdimen
(fontspec)             22\font =2.5pt\relax \fontdimen 20\font =0pt\relax
(fontspec)             \fontdimen 21\font =0pt\relax 

LaTeX Font Info:    Encoding `OMS' has changed to `TU' for symbol font
(Font)              `symbols' in the math version `normal' on input line 140.
LaTeX Font Info:    Overwriting symbol font `symbols' in version `normal'
(Font)                  OMS/lmsy/m/n --> TU/latinmodern-math.otf(2)/m/n on inpu
t line 140.
LaTeX Font Info:    Encoding `OMS' has changed to `TU' for symbol font
(Font)              `symbols' in the math version `bold' on input line 140.
LaTeX Font Info:    Overwriting symbol font `symbols' in version `bold'
(Font)                  OMS/lmsy/b/n --> TU/latinmodern-math.otf(2)/b/n on inpu
t line 140.

Package fontspec Info: latinmodern-math scale = 0.9999964596882403.


Package fontspec Info: latinmodern-math scale = 0.9998964600422715.


Package fontspec Info: latinmodern-math scale = 0.9999964596882403.


Package fontspec Info: latinmodern-math scale = 0.9998964600422715.


Package fontspec Info: latinmodern-math scale = 0.9999964596882403.


Package fontspec Info: latinmodern-math scale = 0.9998964600422715.


Package fontspec Info: latinmodern-math scale = 0.9999964596882403.


Package fontspec Info: latinmodern-math scale = 0.9998964600422715.


Package fontspec Info: latinmodern-math scale = 0.9999964596882403.


Package fontspec Info: latinmodern-math scale = 0.9998964600422715.


Package fontspec Info: Font family 'latinmodern-math.otf(3)' created for font
(fontspec)             'latinmodern-math.otf' with options
(fontspec)             [Ligatures=TeX,Scale=MatchLowercase,BoldItalicFont={},It
alicFont={},SmallCapsFont={},Script=Math,SizeFeatures={{Size=8.5-},{Size=6-8.5,
Font=latinmodern-math.otf,Style=MathScript},{Size=-6,Font=latinmodern-math.otf,
Style=MathScriptScript}},BoldFont={latinmodern-math.otf},ScaleAgain=0.9999,Font
Adjustment={\fontdimen
(fontspec)             8\font =0.4pt\relax \fontdimen 9\font =2.0pt\relax
(fontspec)             \fontdimen 10\font =1.67pt\relax \fontdimen 11\font
(fontspec)             =1.11pt\relax \fontdimen 12\font =6.0pt\relax
(fontspec)             \fontdimen 13\font =0pt\relax }].
(fontspec)              
(fontspec)              This font family consists of the following NFSS
(fontspec)             series/shapes:
(fontspec)              
(fontspec)             - 'normal' (m/n) with NFSS spec.:
(fontspec)             <8.5->s*[0.9998964600422715]"[latinmodern-math.otf]/OT:s
cript=math;language=dflt;mapping=tex-text;"<6-8.5>s*[0.9998964600422715]"[latin
modern-math.otf]/OT:script=math;language=dflt;+ssty=0;mapping=tex-text;"<-6>s*[
0.9998964600422715]"[latinmodern-math.otf]/OT:script=math;language=dflt;+ssty=1
;mapping=tex-text;"
(fontspec)             - 'small caps'  (m/sc) with NFSS spec.: 
(fontspec)             and font adjustment code:
(fontspec)             \fontdimen 8\font =0.4pt\relax \fontdimen 9\font
(fontspec)             =2.0pt\relax \fontdimen 10\font =1.67pt\relax
(fontspec)             \fontdimen 11\font =1.11pt\relax \fontdimen 12\font
(fontspec)             =6.0pt\relax \fontdimen 13\font =0pt\relax 
(fontspec)             - 'bold' (b/n) with NFSS spec.:
(fontspec)             <->s*[0.9998964600422715]"[latinmodern-math.otf]/OT:scri
pt=math;language=dflt;mapping=tex-text;"
(fontspec)             - 'bold small caps'  (b/sc) with NFSS spec.: 
(fontspec)             and font adjustment code:
(fontspec)             \fontdimen 8\font =0.4pt\relax \fontdimen 9\font
(fontspec)             =2.0pt\relax \fontdimen 10\font =1.67pt\relax
(fontspec)             \fontdimen 11\font =1.11pt\relax \fontdimen 12\font
(fontspec)             =6.0pt\relax \fontdimen 13\font =0pt\relax 

LaTeX Font Info:    Encoding `OMX' has changed to `TU' for symbol font
(Font)              `largesymbols' in the math version `normal' on input line 1
40.
LaTeX Font Info:    Overwriting symbol font `largesymbols' in version `normal'
(Font)                  OMX/lmex/m/n --> TU/latinmodern-math.otf(3)/m/n on inpu
t line 140.
LaTeX Font Info:    Encoding `OMX' has changed to `TU' for symbol font
(Font)              `largesymbols' in the math version `bold' on input line 140
.
LaTeX Font Info:    Overwriting symbol font `largesymbols' in version `bold'
(Font)                  OMX/lmex/m/n --> TU/latinmodern-math.otf(3)/b/n on inpu
t line 140.
\AtBeginShipoutBox=\box55
Package hyperref Info: Link coloring OFF on input line 140.
(/Users/bhattvx/Library/TinyTeX/texmf-dist/tex/latex/hyperref/nameref.sty
Package: nameref 2019/09/16 v2.46 Cross-referencing by name of section
(/Users/bhattvx/Library/TinyTeX/texmf-dist/tex/latex/refcount/refcount.sty
Package: refcount 2019/12/15 v3.6 Data extraction from label references (HO)
)
(/Users/bhattvx/Library/TinyTeX/texmf-dist/tex/generic/gettitlestring/gettitles
tring.sty
Package: gettitlestring 2019/12/15 v1.6 Cleanup title references (HO)
)
\c@section@level=\count304
)
LaTeX Info: Redefining \ref on input line 140.
LaTeX Info: Redefining \pageref on input line 140.
LaTeX Info: Redefining \nameref on input line 140.
(./bookdown-demo.out) (./bookdown-demo.out)
\@outlinefile=\write4
\openout4 = `bookdown-demo.out'.

LaTeX Font Info:    Font shape `TU/latinmodern-math.otf(1)/m/n' will be
(Font)              scaled to size 12.0pt on input line 142.
LaTeX Font Info:    Font shape `TU/latinmodern-math.otf(1)/m/n' will be
(Font)              scaled to size 8.0pt on input line 142.
LaTeX Font Info:    Font shape `TU/latinmodern-math.otf(1)/m/n' will be
(Font)              scaled to size 6.0pt on input line 142.
LaTeX Font Info:    Trying to load font information for OML+lmm on input line 1
42.
(/Users/bhattvx/Library/TinyTeX/texmf-dist/tex/latex/lm/omllmm.fd
File: omllmm.fd 2009/10/30 v1.6 Font defs for Latin Modern
)
LaTeX Font Info:    Font shape `TU/latinmodern-math.otf(2)/m/n' will be
(Font)              scaled to size 12.0011pt on input line 142.
LaTeX Font Info:    Font shape `TU/latinmodern-math.otf(2)/m/n' will be
(Font)              scaled to size 8.00073pt on input line 142.
LaTeX Font Info:    Font shape `TU/latinmodern-math.otf(2)/m/n' will be
(Font)              scaled to size 6.00055pt on input line 142.
LaTeX Font Info:    Font shape `TU/latinmodern-math.otf(3)/m/n' will be
(Font)              scaled to size 11.99872pt on input line 142.
LaTeX Font Info:    Font shape `TU/latinmodern-math.otf(3)/m/n' will be
(Font)              scaled to size 7.99915pt on input line 142.
LaTeX Font Info:    Font shape `TU/latinmodern-math.otf(3)/m/n' will be
(Font)              scaled to size 5.99936pt on input line 142.
LaTeX Font Info:    Trying to load font information for U+msa on input line 142
.
(/Users/bhattvx/Library/TinyTeX/texmf-dist/tex/latex/amsfonts/umsa.fd
File: umsa.fd 2013/01/14 v3.01 AMS symbols A
)
LaTeX Font Info:    Trying to load font information for U+msb on input line 142
.
(/Users/bhattvx/Library/TinyTeX/texmf-dist/tex/latex/amsfonts/umsb.fd
File: umsb.fd 2013/01/14 v3.01 AMS symbols B
) [1


] [2

] (./bookdown-demo.toc
LaTeX Font Info:    Font shape `TU/latinmodern-math.otf(1)/m/n' will be
(Font)              scaled to size 7.0pt on input line 3.
LaTeX Font Info:    Font shape `TU/latinmodern-math.otf(1)/m/n' will be
(Font)              scaled to size 5.0pt on input line 3.
LaTeX Font Info:    Font shape `TU/latinmodern-math.otf(2)/m/n' will be
(Font)              scaled to size 10.00092pt on input line 3.
LaTeX Font Info:    Font shape `TU/latinmodern-math.otf(2)/m/n' will be
(Font)              scaled to size 7.00064pt on input line 3.
LaTeX Font Info:    Font shape `TU/latinmodern-math.otf(2)/m/n' will be
(Font)              scaled to size 5.00046pt on input line 3.
LaTeX Font Info:    Font shape `TU/latinmodern-math.otf(3)/m/n' will be
(Font)              scaled to size 9.99893pt on input line 3.
LaTeX Font Info:    Font shape `TU/latinmodern-math.otf(3)/m/n' will be
(Font)              scaled to size 6.99925pt on input line 3.
LaTeX Font Info:    Font shape `TU/latinmodern-math.otf(3)/m/n' will be
(Font)              scaled to size 4.99947pt on input line 3.
[3]
Underfull \hbox (badness 1546) in paragraph at lines 74--74
 [][] [][]\TU/lmr/m/n/10 GARCH(p,q): Generalized Autoregressive Conditional Het
- 
 []

[4])
\tf@toc=\write5
\openout5 = `bookdown-demo.toc'.

[5] [6

] [7] [8

]
Chapter 1.
File: bookdown-demo_files/figure-latex/ch1-figure1-1.pdf Graphic file (type pdf
)
<use bookdown-demo_files/figure-latex/ch1-figure1-1.pdf>
[9]

LaTeX Warning: Reference `fig:ch1-figure2' on page 10 undefined on input line 1
96.

File: bookdown-demo_files/figure-latex/ch1-figure2-1.pdf Graphic file (type pdf
)
<use bookdown-demo_files/figure-latex/ch1-figure2-1.pdf>
File: bookdown-demo_files/figure-latex/ch1-figure2-2.pdf Graphic file (type pdf
)
<use bookdown-demo_files/figure-latex/ch1-figure2-2.pdf>
[10] [11] [12]
File: bookdown-demo_files/figure-latex/ch1-figure3-1.pdf Graphic file (type pdf
)
<use bookdown-demo_files/figure-latex/ch1-figure3-1.pdf>
[13]
File: bookdown-demo_files/figure-latex/ch1-figure4-1.pdf Graphic file (type pdf
)
<use bookdown-demo_files/figure-latex/ch1-figure4-1.pdf>
[14] [15]
File: bookdown-demo_files/figure-latex/ch1-figure5-1.pdf Graphic file (type pdf
)
<use bookdown-demo_files/figure-latex/ch1-figure5-1.pdf>
File: bookdown-demo_files/figure-latex/ch1-figure6-1.pdf Graphic file (type pdf
)
<use bookdown-demo_files/figure-latex/ch1-figure6-1.pdf>
[16] [17] [18

]
Chapter 2.
[19] [20] [21]
File: bookdown-demo_files/figure-latex/ch2-figure1-1.pdf Graphic file (type pdf
)
<use bookdown-demo_files/figure-latex/ch2-figure1-1.pdf>
[22] [23]

LaTeX Warning: Reference `fig:ch2-figure2' on page 24 undefined on input line 6
59.


Overfull \hbox (211.5pt too wide) in paragraph at lines 663--663
[]\TU/lmtt/m/n/10 ## Error in forecast(fit, newdata = newdata, level = 95): unu
sed arguments (newdata = newdata, level = 95)[] 
 []


Overfull \hbox (211.5pt too wide) in paragraph at lines 667--667
[]\TU/lmtt/m/n/10 ## Error in forecast(fit, newdata = newdata, level = 95): unu
sed arguments (newdata = newdata, level = 95)[] 
 []


Overfull \hbox (211.5pt too wide) in paragraph at lines 671--671
[]\TU/lmtt/m/n/10 ## Error in forecast(fit, newdata = newdata, level = 95): unu
sed arguments (newdata = newdata, level = 95)[] 
 []


Overfull \hbox (64.5pt too wide) in paragraph at lines 675--675
[]\TU/lmtt/m/n/10 ## Error in plot(s1, include = 25, main = "Scenario 1"): obje
ct 's1' not found[] 
 []


Overfull \hbox (64.5pt too wide) in paragraph at lines 679--679
[]\TU/lmtt/m/n/10 ## Error in plot(s2, include = 25, main = "Scenario 2"): obje
ct 's2' not found[] 
 []


Overfull \hbox (64.5pt too wide) in paragraph at lines 683--683
[]\TU/lmtt/m/n/10 ## Error in plot(s3, include = 25, main = "Scenario 3"): obje
ct 's3' not found[] 
 []


LaTeX Warning: Reference `(' on page 24 undefined on input line 696.

[24] [25] [26

]
Chapter 3.
[27]
File: bookdown-demo_files/figure-latex/ch3-figure1-1.pdf Graphic file (type pdf
)
<use bookdown-demo_files/figure-latex/ch3-figure1-1.pdf>
[28] [29] [30

]
Chapter 4.
[31] [32]

LaTeX Warning: Reference `fig:ch4-figure1' on page 33 undefined on input line 8
97.


Overfull \hbox (201.0pt too wide) in paragraph at lines 913--913
[]\TU/lmtt/m/n/10 ## Error in plot(f_exp1, include = 24, main = "Simple Exponen
tial Smoothing"): object 'f_exp1' not found[] 
 []


Overfull \hbox (174.75pt too wide) in paragraph at lines 917--917
[]\TU/lmtt/m/n/10 ## Error in plot(f_exp2, include = 24, main = "Holt-Winters w
ith Trend"): object 'f_exp2' not found[] 
 []


Overfull \hbox (232.5pt too wide) in paragraph at lines 921--921
[]\TU/lmtt/m/n/10 ## Error in plot(f_exp3, include = 24, main = "Hold-Winters w
ith Trend and Season"): object 'f_exp3' not found[] 
 []

[33] [34

]
Chapter 5.
File: bookdown-demo_files/figure-latex/ch5-figure1-1.pdf Graphic file (type pdf
)
<use bookdown-demo_files/figure-latex/ch5-figure1-1.pdf>
[35] [36]

LaTeX Warning: Reference `fig:figure10' on page 37 undefined on input line 1022
.

File: bookdown-demo_files/figure-latex/ch5-figure2-1.pdf Graphic file (type pdf
)
<use bookdown-demo_files/figure-latex/ch5-figure2-1.pdf>
[37]

LaTeX Warning: Reference `fig:ch5-figure3' on page 38 undefined on input line 1
076.


Overfull \hbox (43.5pt too wide) in paragraph at lines 1084--1084
[]\TU/lmtt/m/n/10 ## Error in plot(fcast, include = 24, main = ""): object 'fca
st' not found[] 
 []

[38]
File: bookdown-demo_files/figure-latex/ch5-figure4-1.pdf Graphic file (type pdf
)
<use bookdown-demo_files/figure-latex/ch5-figure4-1.pdf>
[39]

LaTeX Warning: Reference `fig:ch5-figure5' on page 40 undefined on input line 1
126.


Overfull \hbox (43.5pt too wide) in paragraph at lines 1160--1160
[]\TU/lmtt/m/n/10 ## Error in plot(fcast, include = 24, main = ""): object 'fca
st' not found[] 
 []

[40]
Chapter 6.

Underfull \vbox (badness 1748) has occurred while \output is active []

[41

]

LaTeX Warning: Reference `(' on page 42 undefined on input line 1200.

File: bookdown-demo_files/figure-latex/ch6-figure1-1.pdf Graphic file (type pdf
)
<use bookdown-demo_files/figure-latex/ch6-figure1-1.pdf>
File: bookdown-demo_files/figure-latex/ch6-figure2-1.pdf Graphic file (type pdf
)
<use bookdown-demo_files/figure-latex/ch6-figure2-1.pdf>
[42]
File: bookdown-demo_files/figure-latex/ch6-figure3-1.pdf Graphic file (type pdf
)
<use bookdown-demo_files/figure-latex/ch6-figure3-1.pdf>
[43]
File: bookdown-demo_files/figure-latex/ch6-figure4-1.pdf Graphic file (type pdf
)
<use bookdown-demo_files/figure-latex/ch6-figure4-1.pdf>
[44] [45] [46] [47] [48] [49] [50] [51] [52] [53] [54] [55] [56] [57] [58] [59]

Overfull \hbox (46.20468pt too wide) in paragraph at lines 1889--1889
[]\TU/lmr/bx/n/14.4 Box-Jenkins Method for estimating ARIMA(p,d,q) 
 []

[60]
Chapter 7.
[61

] [62]
Underfull \hbox (badness 10000) in paragraph at lines 1957--1959

 []


Underfull \hbox (badness 5022) in paragraph at lines 1965--1965
[]\TU/lmr/bx/n/14.4 Cholesky Decomposition and Recursive
 []

[63] [64]
Overfull \hbox (236.06233pt too wide) has occurred while \output is active
\TU/lmr/m/sl/10 7.4.  IMPULSE RESPONSE FUNCTION, FORECAST ERROR VARIANCE DECOMP
OSITION, AND GRANGER CAUSALITY \TU/lmr/m/n/10 65
 []

[65]
Underfull \hbox (badness 1189) in paragraph at lines 2035--2037
[]\TU/lmr/m/n/10 Seasonally adjusted Civilian unemployment rate (UNRATE): []$[]
[][][][] []
 []

[66]
Overfull \hbox (48.75pt too wide) in paragraph at lines 2064--2064
[]\TU/lmtt/m/n/10 ## Error in causality(varmodel, cause = "inf"): object 'varmo
del' not found[] 
 []


Overfull \hbox (38.25pt too wide) in paragraph at lines 2068--2068
[]\TU/lmtt/m/n/10 ## Error in causality(varmodel, cause = "u"): object 'varmode
l' not found[] 
 []


Overfull \hbox (48.75pt too wide) in paragraph at lines 2072--2072
[]\TU/lmtt/m/n/10 ## Error in causality(varmodel, cause = "ffr"): object 'varmo
del' not found[] 
 []


Overfull \hbox (211.5pt too wide) in paragraph at lines 2078--2078
[]\TU/lmtt/m/n/10 ## Error in irf(varmodel, impulse = "ffr", n.ahead = 24, resp
onse = c("inf")): object 'varmodel' not found[] 
 []


Overfull \hbox (201.0pt too wide) in paragraph at lines 2082--2082
[]\TU/lmtt/m/n/10 ## Error in irf(varmodel, impulse = "ffr", n.ahead = 24, resp
onse = c("u")): object 'varmodel' not found[] 
 []


Overfull \hbox (211.5pt too wide) in paragraph at lines 2086--2086
[]\TU/lmtt/m/n/10 ## Error in irf(varmodel, impulse = "ffr", n.ahead = 24, resp
onse = c("ffr")): object 'varmodel' not found[] 
 []


Overfull \hbox (116.47234pt too wide) has occurred while \output is active
\TU/lmr/m/sl/10 7.5.  APPLICATION: EFFECT OF MONETARY POLICY ON INFLATION AND U
NEMPLOYMENT \TU/lmr/m/n/10 67
 []

[67]
Overfull \hbox (17.25pt too wide) in paragraph at lines 2106--2106
[]\TU/lmtt/m/n/10 ## Error in fevd(varmodel, n.ahead = 12): object 'varmodel' n
ot found[] 
 []


Overfull \hbox (143.25pt too wide) in paragraph at lines 2110--2110
[]\TU/lmtt/m/n/10 ## Error in rbind(fd$inf[1, ], fd$inf[4, ], fd$inf[8, ], fd$i
nf[12, ]): object 'fd' not found[] 
 []


Overfull \hbox (101.25pt too wide) in paragraph at lines 2114--2114
[]\TU/lmtt/m/n/10 ## Error in rbind(fd$u[1, ], fd$u[4, ], fd$u[8, ], fd$u[12, ]
): object 'fd' not found[] 
 []


Overfull \hbox (143.25pt too wide) in paragraph at lines 2118--2118
[]\TU/lmtt/m/n/10 ## Error in rbind(fd$ffr[1, ], fd$ffr[4, ], fd$ffr[8, ], fd$f
fr[12, ]): object 'fd' not found[] 
 []


Overfull \hbox (206.25pt too wide) in paragraph at lines 2134--2134
[]\TU/lmtt/m/n/10 ## Error in kable(fd_inf, digits = 3, caption = " Panel A-FEV
D for Inflation"): object 'fd_inf' not found[] 
 []


Overfull \hbox (201.0pt too wide) in paragraph at lines 2138--2138
[]\TU/lmtt/m/n/10 ## Error in kable(fd_u, digits = 3, caption = "Panel B- FEVD 
for Unemployment"): object 'fd_u' not found[] 
 []


Overfull \hbox (174.75pt too wide) in paragraph at lines 2142--2142
[]\TU/lmtt/m/n/10 ## Error in kable(fd_ffr, digits = 3, caption = "Panel C- FEV
D for FFR"): object 'fd_ffr' not found[] 
 []


LaTeX Warning: Reference `fig:ch7fig1' on page 68 undefined on input line 2145.


[68]
Chapter 8.
[69

]
Underfull \hbox (badness 1281) in paragraph at lines 2203--2203
[]\TU/lmr/bx/n/14.4 Some stylized facts about stock market
 []

File: bookdown-demo_files/figure-latex/ch7-figure1-1.pdf Graphic file (type pdf
)
<use bookdown-demo_files/figure-latex/ch7-figure1-1.pdf>
File: bookdown-demo_files/figure-latex/ch7-figure1-2.pdf Graphic file (type pdf
)
<use bookdown-demo_files/figure-latex/ch7-figure1-2.pdf>
File: bookdown-demo_files/figure-latex/ch7-figure1-3.pdf Graphic file (type pdf
)
<use bookdown-demo_files/figure-latex/ch7-figure1-3.pdf>
File: bookdown-demo_files/figure-latex/ch7-figure1-4.pdf Graphic file (type pdf
)
<use bookdown-demo_files/figure-latex/ch7-figure1-4.pdf>
[70] [71] [72]
LaTeX Font Info:    Font shape `TU/latinmodern-math.otf(1)/m/n' will be
(Font)              scaled to size 14.4pt on input line 2249.
LaTeX Font Info:    Font shape `TU/latinmodern-math.otf(2)/m/n' will be
(Font)              scaled to size 14.4013pt on input line 2249.
LaTeX Font Info:    Font shape `TU/latinmodern-math.otf(3)/m/n' will be
(Font)              scaled to size 14.39845pt on input line 2249.

Overfull \hbox (87.90453pt too wide) has occurred while \output is active
\TU/lmr/m/sl/10 8.2.  ARCH(Q): AUTOREGRESSIVE CONDITIONAL HETEROSCEDASTICIY OF 
ORDER $[]$ \TU/lmr/m/n/10 73
 []

[73]
File: bookdown-demo_files/figure-latex/ch7-figure2-1.pdf Graphic file (type pdf
)
<use bookdown-demo_files/figure-latex/ch7-figure2-1.pdf>
File: bookdown-demo_files/figure-latex/ch7-figure2-2.pdf Graphic file (type pdf
)
<use bookdown-demo_files/figure-latex/ch7-figure2-2.pdf>
File: bookdown-demo_files/figure-latex/ch7-figure2-3.pdf Graphic file (type pdf
)
<use bookdown-demo_files/figure-latex/ch7-figure2-3.pdf>
[74] [75] [76]
Overfull \hbox (81.45345pt too wide) has occurred while \output is active
\TU/lmr/m/sl/10 8.5.  APPLICATION OF GARCH MODEL: ESTIMATING VOLATILITY OF SP50
0 RETURN \TU/lmr/m/n/10 77
 []

[77]
LaTeX Font Info:    Font shape `TU/lmtt/bx/n' in size <10> not available
(Font)              Font shape `TU/lmtt/b/n' tried instead on input line 2379.
File: bookdown-demo_files/figure-latex/table1-1.pdf Graphic file (type pdf)
<use bookdown-demo_files/figure-latex/table1-1.pdf>

Overfull \hbox (9.17007pt too wide) in paragraph at lines 2483--2494
 [][] 
 []

File: bookdown-demo_files/figure-latex/unnamed-chunk-14-1.pdf Graphic file (typ
e pdf)
<use bookdown-demo_files/figure-latex/unnamed-chunk-14-1.pdf>
File: bookdown-demo_files/figure-latex/unnamed-chunk-14-2.pdf Graphic file (typ
e pdf)
<use bookdown-demo_files/figure-latex/unnamed-chunk-14-2.pdf>
File: bookdown-demo_files/figure-latex/unnamed-chunk-14-3.pdf Graphic file (typ
e pdf)
<use bookdown-demo_files/figure-latex/unnamed-chunk-14-3.pdf>
File: bookdown-demo_files/figure-latex/unnamed-chunk-14-4.pdf Graphic file (typ
e pdf)
<use bookdown-demo_files/figure-latex/unnamed-chunk-14-4.pdf>
File: bookdown-demo_files/figure-latex/unnamed-chunk-14-5.pdf Graphic file (typ
e pdf)
<use bookdown-demo_files/figure-latex/unnamed-chunk-14-5.pdf>
File: bookdown-demo_files/figure-latex/unnamed-chunk-14-6.pdf Graphic file (typ
e pdf)
<use bookdown-demo_files/figure-latex/unnamed-chunk-14-6.pdf>

Underfull \vbox (badness 10000) has occurred while \output is active []

[78]
Overfull \hbox (81.45345pt too wide) has occurred while \output is active
\TU/lmr/m/sl/10 8.5.  APPLICATION OF GARCH MODEL: ESTIMATING VOLATILITY OF SP50
0 RETURN \TU/lmr/m/n/10 79
 []

[79]
Underfull \vbox (badness 3668) has occurred while \output is active []

[80]
Underfull \vbox (badness 10000) has occurred while \output is active []


Overfull \hbox (81.45345pt too wide) has occurred while \output is active
\TU/lmr/m/sl/10 8.5.  APPLICATION OF GARCH MODEL: ESTIMATING VOLATILITY OF SP50
0 RETURN \TU/lmr/m/n/10 81
 []

[81]
File: bookdown-demo_files/figure-latex/unnamed-chunk-15-1.pdf Graphic file (typ
e pdf)
<use bookdown-demo_files/figure-latex/unnamed-chunk-15-1.pdf>
File: bookdown-demo_files/figure-latex/unnamed-chunk-15-2.pdf Graphic file (typ
e pdf)
<use bookdown-demo_files/figure-latex/unnamed-chunk-15-2.pdf>

Underfull \vbox (badness 10000) has occurred while \output is active []

[82]
Overfull \hbox (81.45345pt too wide) has occurred while \output is active
\TU/lmr/m/sl/10 8.5.  APPLICATION OF GARCH MODEL: ESTIMATING VOLATILITY OF SP50
0 RETURN \TU/lmr/m/n/10 83
 []

[83] [84

]
Appendix A.
[85]
Overfull \hbox (35.99452pt too wide) has occurred while \output is active
\TU/lmr/m/n/10 86 \TU/lmr/m/sl/10 APPENDIX A.  REVIEW OF DIFFERENTIAL CALCULUS 
AND OPTIMIZATION
 []

[86]
File: bookdown-demo_files/figure-latex/unnamed-chunk-19-1.pdf Graphic file (typ
e pdf)
<use bookdown-demo_files/figure-latex/unnamed-chunk-19-1.pdf>
[87]
File: bookdown-demo_files/figure-latex/unnamed-chunk-20-1.pdf Graphic file (typ
e pdf)
<use bookdown-demo_files/figure-latex/unnamed-chunk-20-1.pdf>

Underfull \vbox (badness 2735) has occurred while \output is active []


Overfull \hbox (35.99452pt too wide) has occurred while \output is active
\TU/lmr/m/n/10 88 \TU/lmr/m/sl/10 APPENDIX A.  REVIEW OF DIFFERENTIAL CALCULUS 
AND OPTIMIZATION
 []

[88] [89]
Overfull \hbox (35.99452pt too wide) has occurred while \output is active
\TU/lmr/m/n/10 90 \TU/lmr/m/sl/10 APPENDIX A.  REVIEW OF DIFFERENTIAL CALCULUS 
AND OPTIMIZATION
 []

[90]
File: bookdown-demo_files/figure-latex/unnamed-chunk-25-1.pdf Graphic file (typ
e pdf)
<use bookdown-demo_files/figure-latex/unnamed-chunk-25-1.pdf>
[91]
File: bookdown-demo_files/figure-latex/unnamed-chunk-26-1.pdf Graphic file (typ
e pdf)
<use bookdown-demo_files/figure-latex/unnamed-chunk-26-1.pdf>

Overfull \hbox (35.99452pt too wide) has occurred while \output is active
\TU/lmr/m/n/10 92 \TU/lmr/m/sl/10 APPENDIX A.  REVIEW OF DIFFERENTIAL CALCULUS 
AND OPTIMIZATION
 []

[92]
Underfull \hbox (badness 10000) in paragraph at lines 2824--2825

 []

[93]
Overfull \hbox (35.99452pt too wide) has occurred while \output is active
\TU/lmr/m/n/10 94 \TU/lmr/m/sl/10 APPENDIX A.  REVIEW OF DIFFERENTIAL CALCULUS 
AND OPTIMIZATION
 []

[94]
Appendix B.
[95

] [96]
Overfull \vbox (22.59439pt too high) has occurred while \output is active []

[97]
File: bookdown-demo_files/figure-latex/unnamed-chunk-42-1.pdf Graphic file (typ
e pdf)
<use bookdown-demo_files/figure-latex/unnamed-chunk-42-1.pdf>
[98] [99]
File: bookdown-demo_files/figure-latex/unnamed-chunk-44-1.pdf Graphic file (typ
e pdf)
<use bookdown-demo_files/figure-latex/unnamed-chunk-44-1.pdf>
File: bookdown-demo_files/figure-latex/unnamed-chunk-45-1.pdf Graphic file (typ
e pdf)
<use bookdown-demo_files/figure-latex/unnamed-chunk-45-1.pdf>
[100] [101] [102]
Overfull \hbox (85.06111pt too wide) detected at line 3214
[][][][][][] [] [][] [] [][][][] [] [][][][][] [] [][][] [] [][][][] [] [][] []
 [][][] [] [][][][] [] [][] [] [][][] [] [][][] [] [][][][] [] [][] [] [][][][]
 [] [][][][][][]
 []

[103]
File: bookdown-demo_files/figure-latex/unnamed-chunk-52-1.pdf Graphic file (typ
e pdf)
<use bookdown-demo_files/figure-latex/unnamed-chunk-52-1.pdf>
[104]
File: bookdown-demo_files/figure-latex/unnamed-chunk-53-1.pdf Graphic file (typ
e pdf)
<use bookdown-demo_files/figure-latex/unnamed-chunk-53-1.pdf>
[105] [106]
File: bookdown-demo_files/figure-latex/unnamed-chunk-54-1.pdf Graphic file (typ
e pdf)
<use bookdown-demo_files/figure-latex/unnamed-chunk-54-1.pdf>
[107]
File: bookdown-demo_files/figure-latex/unnamed-chunk-55-1.pdf Graphic file (typ
e pdf)
<use bookdown-demo_files/figure-latex/unnamed-chunk-55-1.pdf>
File: bookdown-demo_files/figure-latex/unnamed-chunk-56-1.pdf Graphic file (typ
e pdf)
<use bookdown-demo_files/figure-latex/unnamed-chunk-56-1.pdf>
[108]
File: bookdown-demo_files/figure-latex/unnamed-chunk-57-1.pdf Graphic file (typ
e pdf)
<use bookdown-demo_files/figure-latex/unnamed-chunk-57-1.pdf>

Underfull \vbox (badness 10000) has occurred while \output is active []

[109]
File: bookdown-demo_files/figure-latex/unnamed-chunk-57-2.pdf Graphic file (typ
e pdf)
<use bookdown-demo_files/figure-latex/unnamed-chunk-57-2.pdf>

Underfull \vbox (badness 10000) has occurred while \output is active []

[110]
File: bookdown-demo_files/figure-latex/unnamed-chunk-58-1.pdf Graphic file (typ
e pdf)
<use bookdown-demo_files/figure-latex/unnamed-chunk-58-1.pdf>

Underfull \vbox (badness 10000) has occurred while \output is active []

[111]
File: bookdown-demo_files/figure-latex/unnamed-chunk-58-2.pdf Graphic file (typ
e pdf)
<use bookdown-demo_files/figure-latex/unnamed-chunk-58-2.pdf>

Underfull \vbox (badness 10000) has occurred while \output is active []

[112]
File: bookdown-demo_files/figure-latex/unnamed-chunk-58-3.pdf Graphic file (typ
e pdf)
<use bookdown-demo_files/figure-latex/unnamed-chunk-58-3.pdf>

Underfull \vbox (badness 10000) has occurred while \output is active []

[113] [114] [115]
Overfull \hbox (19.12808pt too wide) detected at line 3427
[][][][][][] [] [][] [] [][][] [] [][][][] [] [][] [] [][] [] [][][] [] [][][][
] [] [][] [] [][][] [] [][] [] [][][] [] [][][][] [] [][]
 []

[116]
Overfull \hbox (62.49696pt too wide) detected at line 3448
[]
 []

[117]
Overfull \hbox (24.3087pt too wide) in paragraph at lines 3498--3499
[]\TU/lmr/m/n/10 3.3. $[][][][][][] [] [][][] [] [][][][][][][][] [] [][][][][]
[][][] [] [][][][][][][][][] [][][][]$ 
 []


Overfull \hbox (24.3087pt too wide) in paragraph at lines 3500--3501
[]\TU/lmr/m/n/10 3.4. $[][][][][][] [] [][][] [] [][][][][][][][] [] [][][][][]
[][][] [] [][][][][][][][][] [][][][]$ 
 []

[118] [119] [120] [121] [122] [123]
Overfull \hbox (8.34302pt too wide) detected at line 3691
[]
 []

[124]
Overfull \hbox (27.05493pt too wide) detected at line 3739
[][][][][][] [] [][] [] [] [] [][][][]
 []

[125] [126] [127]
No file bookdown-demo.bbl.
Package atveryend Info: Empty hook `BeforeClearDocument' on input line 3852.
[128]
Package atveryend Info: Empty hook `AfterLastShipout' on input line 3852.
(./bookdown-demo.aux)
Package atveryend Info: Empty hook `AtVeryEndDocument' on input line 3852.
Package atveryend Info: Executing hook `AtEndAfterFileList' on input line 3852.

Package rerunfilecheck Info: File `bookdown-demo.out' has not changed.
(rerunfilecheck)             Checksum: 4F74B4D3A2DE3C169E8F3B1D74ECDF81;14040.

LaTeX Warning: There were undefined references.


LaTeX Warning: There were multiply-defined labels.

Package atveryend Info: Empty hook `AtVeryVeryEnd' on input line 3852.
 ) 
Here is how much of TeX's memory you used:
 17355 strings out of 481274
 323146 string characters out of 5921294
 739777 words of memory out of 5000000
 34583 multiletter control sequences out of 15000+600000
 539782 words of font info for 87 fonts, out of 8000000 for 9000
 14 hyphenation exceptions out of 8191
 53i,11n,118p,1018b,487s stack positions out of 5000i,500n,10000p,200000b,80000s

Output written on bookdown-demo.pdf (128 pages).
